<?xml version="1.0" encoding="UTF-8"?>
<!-- Generated by org.testng.reporters.JUnitReportReporter -->
<testsuite hostname="LAPTOP-CNG635MQ" failures="0" tests="1" name="runners.TestRunner" time="17.149" errors="0" timestamp="2025-02-08T14:59:47 IST" skipped="0">
  <testcase classname="runners.TestRunner" name="runScenario" time="17.149"/>
  <system-out/>
</testsuite> <!-- runners.TestRunner -->
