<?xml version="1.0" encoding="UTF-8"?>
<!-- Generated by org.testng.reporters.JUnitReportReporter -->
<testsuite hostname="LAPTOP-CNG635MQ" failures="0" tests="1" name="tests.FlightSearchTest" time="18.365" errors="0" timestamp="2025-02-08T11:38:29 IST" skipped="0">
  <testcase classname="tests.FlightSearchTest" name="testFlightSearch" time="18.365"/>
  <system-out/>
</testsuite> <!-- tests.FlightSearchTest -->
